# JRE version: 7.0_17-b02
# Java VM: Java HotSpot(TM) 64-Bit Server VM (23.7-b01 mixed mode windows-amd64 compressed oops)
Heap
 par new generation   total 55296K, used 42254K [0x0000000778000000, 0x000000077bc00000, 0x000000077bc00000)
  eden space 49152K,  85% used [0x0000000778000000, 0x000000077a9438c0, 0x000000077b000000)
  from space 6144K,   0% used [0x000000077b000000, 0x000000077b000000, 0x000000077b600000)
  to   space 6144K,   0% used [0x000000077b600000, 0x000000077b600000, 0x000000077bc00000)
 concurrent mark-sweep generation total 70564K, used 41158K [0x000000077bc00000, 0x00000007800e9000, 0x00000007f8000000)
 concurrent-mark-sweep perm gen total 131072K, used 48417K [0x00000007f8000000, 0x0000000800000000, 0x0000000800000000)
GC Heap History (10 events):
Event: 8076.941 GC heap before
{Heap before GC invocations=194 (full 128):
 par new generation   total 55296K, used 1143K [0x0000000778000000, 0x000000077bc00000, 0x000000077bc00000)
  eden space 49152K,   2% used [0x0000000778000000, 0x000000077811ddd8, 0x000000077b000000)
  from space 6144K,   0% used [0x000000077b600000, 0x000000077b600000, 0x000000077bc00000)
  to   space 6144K,   0% used [0x000000077b000000, 0x000000077b000000, 0x000000077b600000)
 concurrent mark-sweep generation total 70564K, used 36929K [0x000000077bc00000, 0x00000007800e9000, 0x00000007f8000000)
 concurrent-mark-sweep perm gen total 131072K, used 48412K [0x00000007f8000000, 0x0000000800000000, 0x0000000800000000)
Event: 8077.127 GC heap after
Heap after GC invocations=195 (full 129):
 par new generation   total 55296K, used 0K [0x0000000778000000, 0x000000077bc00000, 0x000000077bc00000)
  eden space 49152K,   0% used [0x0000000778000000, 0x0000000778000000, 0x000000077b000000)
  from space 6144K,   0% used [0x000000077b600000, 0x000000077b600000, 0x000000077bc00000)
  to   space 6144K,   0% used [0x000000077b000000, 0x000000077b000000, 0x000000077b600000)
 concurrent mark-sweep generation total 70564K, used 36943K [0x000000077bc00000, 0x00000007800e9000, 0x00000007f8000000)
 concurrent-mark-sweep perm gen total 131072K, used 48412K [0x00000007f8000000, 0x0000000800000000, 0x0000000800000000)
}
Event: 8077.237 GC heap before
{Heap before GC invocations=195 (full 129):
 par new generation   total 55296K, used 5300K [0x0000000778000000, 0x000000077bc00000, 0x000000077bc00000)
  eden space 49152K,  10% used [0x0000000778000000, 0x000000077852d288, 0x000000077b000000)
  from space 6144K,   0% used [0x000000077b600000, 0x000000077b600000, 0x000000077bc00000)
  to   space 6144K,   0% used [0x000000077b000000, 0x000000077b000000, 0x000000077b600000)
 concurrent mark-sweep generation total 70564K, used 36943K [0x000000077bc00000, 0x00000007800e9000, 0x00000007f8000000)
 concurrent-mark-sweep perm gen total 131072K, used 48417K [0x00000007f8000000, 0x0000000800000000, 0x0000000800000000)
Event: 8077.241 GC heap after
Heap after GC invocations=196 (full 129):
 par new generation   total 55296K, used 2536K [0x0000000778000000, 0x000000077bc00000, 0x000000077bc00000)
  eden space 49152K,   0% used [0x0000000778000000, 0x0000000778000000, 0x000000077b000000)
  from space 6144K,  41% used [0x000000077b000000, 0x000000077b27a008, 0x000000077b600000)
  to   space 6144K,   0% used [0x000000077b600000, 0x000000077b600000, 0x000000077bc00000)
 concurrent mark-sweep generation total 70564K, used 36943K [0x000000077bc00000, 0x00000007800e9000, 0x00000007f8000000)
 concurrent-mark-sweep perm gen total 131072K, used 48417K [0x00000007f8000000, 0x0000000800000000, 0x0000000800000000)
}
Event: 8077.575 GC heap before
{Heap before GC invocations=196 (full 129):
 par new generation   total 55296K, used 51688K [0x0000000778000000, 0x000000077bc00000, 0x000000077bc00000)
  eden space 49152K, 100% used [0x0000000778000000, 0x000000077b000000, 0x000000077b000000)
  from space 6144K,  41% used [0x000000077b000000, 0x000000077b27a008, 0x000000077b600000)
  to   space 6144K,   0% used [0x000000077b600000, 0x000000077b600000, 0x000000077bc00000)
 concurrent mark-sweep generation total 70564K, used 36943K [0x000000077bc00000, 0x00000007800e9000, 0x00000007f8000000)
 concurrent-mark-sweep perm gen total 131072K, used 48417K [0x00000007f8000000, 0x0000000800000000, 0x0000000800000000)
Event: 8077.582 GC heap after
Heap after GC invocations=197 (full 129):
 par new generation   total 55296K, used 5071K [0x0000000778000000, 0x000000077bc00000, 0x000000077bc00000)
  eden space 49152K,   0% used [0x0000000778000000, 0x0000000778000000, 0x000000077b000000)
  from space 6144K,  82% used [0x000000077b600000, 0x000000077baf3e90, 0x000000077bc00000)
  to   space 6144K,   0% used [0x000000077b000000, 0x000000077b000000, 0x000000077b600000)
 concurrent mark-sweep generation total 70564K, used 36943K [0x000000077bc00000, 0x00000007800e9000, 0x00000007f8000000)
 concurrent-mark-sweep perm gen total 131072K, used 48417K [0x00000007f8000000, 0x0000000800000000, 0x0000000800000000)
}
Event: 8077.892 GC heap before
{Heap before GC invocations=197 (full 129):
 par new generation   total 55296K, used 54223K [0x0000000778000000, 0x000000077bc00000, 0x000000077bc00000)
  eden space 49152K, 100% used [0x0000000778000000, 0x000000077b000000, 0x000000077b000000)
  from space 6144K,  82% used [0x000000077b600000, 0x000000077baf3e90, 0x000000077bc00000)
  to   space 6144K,   0% used [0x000000077b000000, 0x000000077b000000, 0x000000077b600000)
 concurrent mark-sweep generation total 70564K, used 36943K [0x000000077bc00000, 0x00000007800e9000, 0x00000007f8000000)
 concurrent-mark-sweep perm gen total 131072K, used 48417K [0x00000007f8000000, 0x0000000800000000, 0x0000000800000000)
Event: 8077.903 GC heap after
Heap after GC invocations=198 (full 129):
 par new generation   total 55296K, used 4934K [0x0000000778000000, 0x000000077bc00000, 0x000000077bc00000)
  eden space 49152K,   0% used [0x0000000778000000, 0x0000000778000000, 0x000000077b000000)
  from space 6144K,  80% used [0x000000077b000000, 0x000000077b4d18e0, 0x000000077b600000)
  to   space 6144K,   0% used [0x000000077b600000, 0x000000077b600000, 0x000000077bc00000)
 concurrent mark-sweep generation total 70564K, used 40884K [0x000000077bc00000, 0x00000007800e9000, 0x00000007f8000000)
 concurrent-mark-sweep perm gen total 131072K, used 48417K [0x00000007f8000000, 0x0000000800000000, 0x0000000800000000)
}
Event: 8078.081 GC heap before
{Heap before GC invocations=198 (full 129):
 par new generation   total 55296K, used 34023K [0x0000000778000000, 0x000000077bc00000, 0x000000077bc00000)
  eden space 49152K,  59% used [0x0000000778000000, 0x0000000779c68688, 0x000000077b000000)
  from space 6144K,  80% used [0x000000077b000000, 0x000000077b4d18e0, 0x000000077b600000)
  to   space 6144K,   0% used [0x000000077b600000, 0x000000077b600000, 0x000000077bc00000)
 concurrent mark-sweep generation total 70564K, used 40884K [0x000000077bc00000, 0x00000007800e9000, 0x00000007f8000000)
 concurrent-mark-sweep perm gen total 131072K, used 48417K [0x00000007f8000000, 0x0000000800000000, 0x0000000800000000)
Event: 8078.299 GC heap after
Heap after GC invocations=199 (full 130):
 par new generation   total 55296K, used 0K [0x0000000778000000, 0x000000077bc00000, 0x000000077bc00000)
  eden space 49152K,   0% used [0x0000000778000000, 0x0000000778000000, 0x000000077b000000)
  from space 6144K,   0% used [0x000000077b000000, 0x000000077b000000, 0x000000077b600000)
  to   space 6144K,   0% used [0x000000077b600000, 0x000000077b600000, 0x000000077bc00000)
 concurrent mark-sweep generation total 70564K, used 41158K [0x000000077bc00000, 0x00000007800e9000, 0x00000007f8000000)
 concurrent-mark-sweep perm gen total 131072K, used 48417K [0x00000007f8000000, 0x0000000800000000, 0x0000000800000000)
}

