# JRE version: Java(TM) SE Runtime Environment (8.0_66-b18) (build 1.8.0_66-b18)
# Java VM: Java HotSpot(TM) 64-Bit Server VM (25.66-b18 mixed mode windows-amd64 compressed oops)
Heap:
 PSYoungGen      total 112640K, used 16187K [0x00000000f5580000, 0x00000000fe500000, 0x0000000100000000)
  eden space 85504K, 11% used [0x00000000f5580000,0x00000000f5f07620,0x00000000fa900000)
  from space 27136K, 23% used [0x00000000fca80000,0x00000000fd0c7870,0x00000000fe500000)
  to   space 30720K, 0% used [0x00000000fa900000,0x00000000fa900000,0x00000000fc700000)
 ParOldGen       total 115200K, used 62724K [0x00000000e0000000, 0x00000000e7080000, 0x00000000f5580000)
  object space 115200K, 54% used [0x00000000e0000000,0x00000000e3d41248,0x00000000e7080000)
 Metaspace       used 92197K, capacity 99596K, committed 99712K, reserved 1136640K
  class space    used 10955K, capacity 13423K, committed 13440K, reserved 1048576K
GC Heap History (10 events):
Event: 846.823 GC heap before
{Heap before GC invocations=20 (full 4):
 PSYoungGen      total 135680K, used 105841K [0x00000000f5580000, 0x0000000100000000, 0x0000000100000000)
  eden space 98816K, 99% used [0x00000000f5580000,0x00000000fb5ffb20,0x00000000fb600000)
  from space 36864K, 19% used [0x00000000fb600000,0x00000000fbcdc908,0x00000000fda00000)
  to   space 36352K, 0% used [0x00000000fdc80000,0x00000000fdc80000,0x0000000100000000)
 ParOldGen       total 115200K, used 62692K [0x00000000e0000000, 0x00000000e7080000, 0x00000000f5580000)
  object space 115200K, 54% used [0x00000000e0000000,0x00000000e3d39248,0x00000000e7080000)
 Metaspace       used 90633K, capacity 98052K, committed 98304K, reserved 1134592K
  class space    used 10866K, capacity 13257K, committed 13312K, reserved 1048576K
Event: 846.829 GC heap after
Heap after GC invocations=20 (full 4):
 PSYoungGen      total 122880K, used 8892K [0x00000000f5580000, 0x00000000ff700000, 0x0000000100000000)
  eden space 95744K, 0% used [0x00000000f5580000,0x00000000f5580000,0x00000000fb300000)
  from space 27136K, 32% used [0x00000000fdc80000,0x00000000fe52f030,0x00000000ff700000)
  to   space 34816K, 0% used [0x00000000fb300000,0x00000000fb300000,0x00000000fd500000)
 ParOldGen       total 115200K, used 62700K [0x00000000e0000000, 0x00000000e7080000, 0x00000000f5580000)
  object space 115200K, 54% used [0x00000000e0000000,0x00000000e3d3b248,0x00000000e7080000)
 Metaspace       used 90633K, capacity 98052K, committed 98304K, reserved 1134592K
  class space    used 10866K, capacity 13257K, committed 13312K, reserved 1048576K
}
Event: 1077.592 GC heap before
{Heap before GC invocations=21 (full 4):
 PSYoungGen      total 122880K, used 104636K [0x00000000f5580000, 0x00000000ff700000, 0x0000000100000000)
  eden space 95744K, 100% used [0x00000000f5580000,0x00000000fb300000,0x00000000fb300000)
  from space 27136K, 32% used [0x00000000fdc80000,0x00000000fe52f030,0x00000000ff700000)
  to   space 34816K, 0% used [0x00000000fb300000,0x00000000fb300000,0x00000000fd500000)
 ParOldGen       total 115200K, used 62700K [0x00000000e0000000, 0x00000000e7080000, 0x00000000f5580000)
  object space 115200K, 54% used [0x00000000e0000000,0x00000000e3d3b248,0x00000000e7080000)
 Metaspace       used 90895K, capacity 98244K, committed 98560K, reserved 1134592K
  class space    used 10866K, capacity 13257K, committed 13312K, reserved 1048576K
Event: 1077.599 GC heap after
Heap after GC invocations=21 (full 4):
 PSYoungGen      total 100864K, used 7628K [0x00000000f5580000, 0x00000000ff380000, 0x0000000100000000)
  eden space 93184K, 0% used [0x00000000f5580000,0x00000000f5580000,0x00000000fb080000)
  from space 7680K, 99% used [0x00000000fb300000,0x00000000fba73020,0x00000000fba80000)
  to   space 34304K, 0% used [0x00000000fd200000,0x00000000fd200000,0x00000000ff380000)
 ParOldGen       total 115200K, used 62708K [0x00000000e0000000, 0x00000000e7080000, 0x00000000f5580000)
  object space 115200K, 54% used [0x00000000e0000000,0x00000000e3d3d248,0x00000000e7080000)
 Metaspace       used 90895K, capacity 98244K, committed 98560K, reserved 1134592K
  class space    used 10866K, capacity 13257K, committed 13312K, reserved 1048576K
}
Event: 1143.208 GC heap before
{Heap before GC invocations=22 (full 4):
 PSYoungGen      total 100864K, used 100812K [0x00000000f5580000, 0x00000000ff380000, 0x0000000100000000)
  eden space 93184K, 100% used [0x00000000f5580000,0x00000000fb080000,0x00000000fb080000)
  from space 7680K, 99% used [0x00000000fb300000,0x00000000fba73020,0x00000000fba80000)
  to   space 34304K, 0% used [0x00000000fd200000,0x00000000fd200000,0x00000000ff380000)
 ParOldGen       total 115200K, used 62708K [0x00000000e0000000, 0x00000000e7080000, 0x00000000f5580000)
  object space 115200K, 54% used [0x00000000e0000000,0x00000000e3d3d248,0x00000000e7080000)
 Metaspace       used 91182K, capacity 98634K, committed 98816K, reserved 1134592K
  class space    used 10869K, capacity 13258K, committed 13312K, reserved 1048576K
Event: 1143.214 GC heap after
Heap after GC invocations=22 (full 4):
 PSYoungGen      total 119296K, used 7784K [0x00000000f5580000, 0x00000000fee00000, 0x0000000100000000)
  eden space 90624K, 0% used [0x00000000f5580000,0x00000000f5580000,0x00000000fae00000)
  from space 28672K, 27% used [0x00000000fd200000,0x00000000fd99a268,0x00000000fee00000)
  to   space 32768K, 0% used [0x00000000fae00000,0x00000000fae00000,0x00000000fce00000)
 ParOldGen       total 115200K, used 62716K [0x00000000e0000000, 0x00000000e7080000, 0x00000000f5580000)
  object space 115200K, 54% used [0x00000000e0000000,0x00000000e3d3f248,0x00000000e7080000)
 Metaspace       used 91182K, capacity 98634K, committed 98816K, reserved 1134592K
  class space    used 10869K, capacity 13258K, committed 13312K, reserved 1048576K
}
Event: 1202.171 GC heap before
{Heap before GC invocations=23 (full 4):
 PSYoungGen      total 119296K, used 98408K [0x00000000f5580000, 0x00000000fee00000, 0x0000000100000000)
  eden space 90624K, 100% used [0x00000000f5580000,0x00000000fae00000,0x00000000fae00000)
  from space 28672K, 27% used [0x00000000fd200000,0x00000000fd99a268,0x00000000fee00000)
  to   space 32768K, 0% used [0x00000000fae00000,0x00000000fae00000,0x00000000fce00000)
 ParOldGen       total 115200K, used 62716K [0x00000000e0000000, 0x00000000e7080000, 0x00000000f5580000)
  object space 115200K, 54% used [0x00000000e0000000,0x00000000e3d3f248,0x00000000e7080000)
 Metaspace       used 91378K, capacity 98902K, committed 99072K, reserved 1134592K
  class space    used 10870K, capacity 13260K, committed 13312K, reserved 1048576K
Event: 1202.178 GC heap after
Heap after GC invocations=23 (full 4):
 PSYoungGen      total 96256K, used 7931K [0x00000000f5580000, 0x00000000fe980000, 0x0000000100000000)
  eden space 88064K, 0% used [0x00000000f5580000,0x00000000f5580000,0x00000000fab80000)
  from space 8192K, 96% used [0x00000000fae00000,0x00000000fb5bee10,0x00000000fb600000)
  to   space 31744K, 0% used [0x00000000fca80000,0x00000000fca80000,0x00000000fe980000)
 ParOldGen       total 115200K, used 62716K [0x00000000e0000000, 0x00000000e7080000, 0x00000000f5580000)
  object space 115200K, 54% used [0x00000000e0000000,0x00000000e3d3f248,0x00000000e7080000)
 Metaspace       used 91378K, capacity 98902K, committed 99072K, reserved 1134592K
  class space    used 10870K, capacity 13260K, committed 13312K, reserved 1048576K
}
Event: 2595.660 GC heap before
{Heap before GC invocations=24 (full 4):
 PSYoungGen      total 96256K, used 95995K [0x00000000f5580000, 0x00000000fe980000, 0x0000000100000000)
  eden space 88064K, 100% used [0x00000000f5580000,0x00000000fab80000,0x00000000fab80000)
  from space 8192K, 96% used [0x00000000fae00000,0x00000000fb5bee10,0x00000000fb600000)
  to   space 31744K, 0% used [0x00000000fca80000,0x00000000fca80000,0x00000000fe980000)
 ParOldGen       total 115200K, used 62716K [0x00000000e0000000, 0x00000000e7080000, 0x00000000f5580000)
  object space 115200K, 54% used [0x00000000e0000000,0x00000000e3d3f248,0x00000000e7080000)
 Metaspace       used 91867K, capacity 99304K, committed 99712K, reserved 1136640K
  class space    used 10920K, capacity 13327K, committed 13440K, reserved 1048576K
Event: 2595.675 GC heap after
Heap after GC invocations=24 (full 4):
 PSYoungGen      total 112640K, used 6430K [0x00000000f5580000, 0x00000000fe500000, 0x0000000100000000)
  eden space 85504K, 0% used [0x00000000f5580000,0x00000000f5580000,0x00000000fa900000)
  from space 27136K, 23% used [0x00000000fca80000,0x00000000fd0c7870,0x00000000fe500000)
  to   space 30720K, 0% used [0x00000000fa900000,0x00000000fa900000,0x00000000fc700000)
 ParOldGen       total 115200K, used 62724K [0x00000000e0000000, 0x00000000e7080000, 0x00000000f5580000)
  object space 115200K, 54% used [0x00000000e0000000,0x00000000e3d41248,0x00000000e7080000)
 Metaspace       used 91867K, capacity 99304K, committed 99712K, reserved 1136640K
  class space    used 10920K, capacity 13327K, committed 13440K, reserved 1048576K
}

